<?xml version="1.0" encoding="UTF-8"?>
<!-- Generated by org.testng.reporters.JUnitXMLReporter -->
<testsuite ignored="1" hostname="DESKTOP-E7CBL99" failures="0" tests="9" name="Default test" time="49.51" errors="0" timestamp="2022-10-12T11:56:03 IST">
  <testcase classname="com.test.Website" name="navigate" time="45.015"/>
  <testcase classname="com.test.Website" name="pageLoadTime" time="0.018"/>
  <testcase classname="com.test.Website" name="CheckResolution" time="0.125"/>
  <testcase classname="com.test.Website" name="refresh" time="0.045"/>
  <testcase classname="com.test.Website" name="scroll" time="0.825"/>
  <testcase classname="com.test.Website" name="search" time="3.315"/>
  <testcase classname="com.test.Website" name="LoadingImages" time="0.043"/>
  <testcase classname="com.test.Website" name="NavigateToBottom" time="0.021"/>
  <testcase classname="com.test.Website" name="imageDownload" time="0.03"/>
  <testcase classname="com.test.Website" name="LaunchFirefox" time="0.0">
    <ignored/>
  </testcase> <!-- LaunchFirefox -->
</testsuite> <!-- Default test -->
